Debug display of 'Is missing in the languagefile: admin':(2.701559) - (net usage: 12931904) - (peak: 13346392)
Languagestring: "contact_info"
Debug display of 'Is missing in the languagefile: admin':(1.655086) - (net usage: 13026592) - (peak: 13423632)
Languagestring: "contact_info"
Debug display of 'Is missing in the languagefile: admin':(0.710348) - (net usage: 11178280) - (peak: 11608000)
Languagestring: "contact_info"
Debug display of 'Is missing in the languagefile: admin':(1.479196) - (net usage: 11259872) - (peak: 11668984)
Languagestring: "contact_info"
Debug display of 'Is missing in the languagefile: admin':(0.715742) - (net usage: 11200520) - (peak: 11628920)
Languagestring: "contact_info"
Debug display of 'Is missing in the languagefile: admin':(0.754779) - (net usage: 11200512) - (peak: 11628952)
Languagestring: "contact_info"
Debug display of 'Is missing in the languagefile: admin':(0.739668) - (net usage: 11200552) - (peak: 11628984)
Languagestring: "contact_info"
Debug display of 'Is missing in the languagefile: LISE':(0.436457) - (net usage: 8191424) - (peak: 8488576)
Languagestring: "help_param_status"
Debug display of 'Is missing in the languagefile: LISE':(0.683071) - (net usage: 8262536) - (peak: 8550496)
Languagestring: "help_param_status"
Debug display of 'Is missing in the languagefile: RealEstate':(1.03498) - (net usage: 11741896) - (peak: 11914360)
Languagestring: "setasdefaulttemplate"
Debug display of 'Is missing in the languagefile: RealEstate':(1.055935) - (net usage: 11742704) - (peak: 11914360)
Languagestring: "edittemplate"
Debug display of 'Is missing in the languagefile: RealEstate':(1.075574) - (net usage: 11743288) - (peak: 11914672)
Languagestring: "copytemplate"
Debug display of 'Is missing in the languagefile: LISE':(2.9999999999974E-5) - (net usage: 8321936) - (peak: 8482936)
Languagestring: "help_param_status"
Debug display of 'Is missing in the languagefile: LISE':(0.026888) - (net usage: 8393040) - (peak: 8544744)
Languagestring: "help_param_status"
Debug display of 'Is missing in the languagefile: LISE':(0.418863) - (net usage: 8191424) - (peak: 8488576)
Languagestring: "help_param_status"
Debug display of 'Is missing in the languagefile: LISE':(0.441232) - (net usage: 8262536) - (peak: 8550496)
Languagestring: "help_param_status"
Debug display of 'Is missing in the languagefile: RealEstate':(1.32706) - (net usage: 10581664) - (peak: 10777944)
Languagestring: "setasdefaulttemplate"
Debug display of 'Is missing in the languagefile: RealEstate':(1.344115) - (net usage: 10582472) - (peak: 10777944)
Languagestring: "edittemplate"
Debug display of 'Is missing in the languagefile: RealEstate':(1.360991) - (net usage: 10583056) - (peak: 10778856)
Languagestring: "copytemplate"
Debug display of 'Is missing in the languagefile: LISE':(2.4999999999997E-5) - (net usage: 8321936) - (peak: 8482936)
Languagestring: "help_param_status"
Debug display of 'Is missing in the languagefile: LISE':(0.02265) - (net usage: 8393040) - (peak: 8544744)
Languagestring: "help_param_status"
Debug display of 'Is missing in the languagefile: LISE':(0.424567) - (net usage: 8191576) - (peak: 8585736)
Languagestring: "help_param_status"
Debug display of 'Is missing in the languagefile: LISE':(0.450454) - (net usage: 8262680) - (peak: 8647560)
Languagestring: "help_param_status"
Debug display of 'Is missing in the languagefile: LISE':(0.468577) - (net usage: 8191024) - (peak: 8488320)
Languagestring: "help_param_status"
Debug display of 'Is missing in the languagefile: LISE':(0.494538) - (net usage: 8262136) - (peak: 8550000)
Languagestring: "help_param_status"
Debug display of 'Is missing in the languagefile: LISE':(2.2999999999995E-5) - (net usage: 8321936) - (peak: 8482936)
Languagestring: "help_param_status"
Debug display of 'Is missing in the languagefile: LISE':(0.027942) - (net usage: 8393040) - (peak: 8544744)
Languagestring: "help_param_status"
Debug display of 'Is missing in the languagefile: LISE':(0.682978) - (net usage: 8191136) - (peak: 8488576)
Languagestring: "help_param_status"
Debug display of 'Is missing in the languagefile: LISE':(0.711103) - (net usage: 8262248) - (peak: 8550496)
Languagestring: "help_param_status"
Debug display of 'Is missing in the languagefile: CMSContentManager':(3.14817) - (net usage: 13903616) - (peak: 14152984)
Languagestring: "coltitle_importseo"
Debug display of 'Is missing in the languagefile: LISE':(0.486984) - (net usage: 8193912) - (peak: 8492088)
Languagestring: "help_param_status"
Debug display of 'Is missing in the languagefile: LISE':(0.508652) - (net usage: 8265024) - (peak: 8553752)
Languagestring: "help_param_status"
Debug display of 'Is missing in the languagefile: LISE':(0.518402) - (net usage: 8120408) - (peak: 8417872)
Languagestring: "help_param_status"
Debug display of 'Is missing in the languagefile: LISE':(0.545341) - (net usage: 8191504) - (peak: 8479784)
Languagestring: "help_param_status"
Debug display of 'Is missing in the languagefile: CMSContentManager':(0.789773) - (net usage: 11981824) - (peak: 12165504)
Languagestring: "coltitle_importseo"
Debug display of 'Is missing in the languagefile: LISE':(0.439566) - (net usage: 8193600) - (peak: 8491224)
Languagestring: "help_param_status"
Debug display of 'Is missing in the languagefile: LISE':(0.460819) - (net usage: 8264696) - (peak: 8552856)
Languagestring: "help_param_status"
Debug display of 'Is missing in the languagefile: CMSContentManager':(0.634304) - (net usage: 11976968) - (peak: 12162088)
Languagestring: "coltitle_importseo"
Debug display of 'Is missing in the languagefile: RealEstate':(0.760405) - (net usage: 11654288) - (peak: 11873224)
Languagestring: "realestate_detail"
Debug display of 'Is missing in the languagefile: RealEstate':(0.565726) - (net usage: 10072128) - (peak: 10378448)
Languagestring: "realestate_detail"
Debug display of 'Is missing in the languagefile: LISE':(0.444844) - (net usage: 8193360) - (peak: 8490904)
Languagestring: "help_param_status"
Debug display of 'Is missing in the languagefile: LISE':(0.466713) - (net usage: 8264464) - (peak: 8552568)
Languagestring: "help_param_status"
Debug display of 'Is missing in the languagefile: CMSContentManager':(0.650227) - (net usage: 11976528) - (peak: 12160792)
Languagestring: "coltitle_importseo"
Debug display of 'Is missing in the languagefile: LISE':(0.428157) - (net usage: 8193360) - (peak: 8490904)
Languagestring: "help_param_status"
Debug display of 'Is missing in the languagefile: LISE':(0.449861) - (net usage: 8264464) - (peak: 8552568)
Languagestring: "help_param_status"
Debug display of 'Is missing in the languagefile: CMSContentManager':(0.626902) - (net usage: 11976528) - (peak: 12160792)
Languagestring: "coltitle_importseo"
Debug display of 'Is missing in the languagefile: LISE':(0.387419) - (net usage: 8193360) - (peak: 8490904)
Languagestring: "help_param_status"
Debug display of 'Is missing in the languagefile: LISE':(0.40962) - (net usage: 8264464) - (peak: 8552568)
Languagestring: "help_param_status"
Debug display of 'Is missing in the languagefile: CMSContentManager':(0.593032) - (net usage: 11976528) - (peak: 12160792)
Languagestring: "coltitle_importseo"
Debug display of 'Is missing in the languagefile: LISE':(0.379555) - (net usage: 8193360) - (peak: 8490904)
Languagestring: "help_param_status"
Debug display of 'Is missing in the languagefile: LISE':(0.402233) - (net usage: 8264464) - (peak: 8552568)
Languagestring: "help_param_status"
Debug display of 'Is missing in the languagefile: CMSContentManager':(0.57767) - (net usage: 11976528) - (peak: 12160792)
Languagestring: "coltitle_importseo"
Debug display of 'Is missing in the languagefile: LISE':(0.4824) - (net usage: 8193360) - (peak: 8490904)
Languagestring: "help_param_status"
Debug display of 'Is missing in the languagefile: LISE':(0.507462) - (net usage: 8264464) - (peak: 8552568)
Languagestring: "help_param_status"
Debug display of 'Is missing in the languagefile: CMSContentManager':(1.485392) - (net usage: 12029472) - (peak: 12218496)
Languagestring: "coltitle_importseo"
Debug display of 'Is missing in the languagefile: LISE':(0.411961) - (net usage: 8193360) - (peak: 8490904)
Languagestring: "help_param_status"
Debug display of 'Is missing in the languagefile: LISE':(0.434073) - (net usage: 8264464) - (peak: 8552568)
Languagestring: "help_param_status"
Debug display of 'Is missing in the languagefile: CMSContentManager':(0.616073) - (net usage: 11976528) - (peak: 12160792)
Languagestring: "coltitle_importseo"
Debug display of 'Is missing in the languagefile: LISE':(0.411663) - (net usage: 8193360) - (peak: 8490904)
Languagestring: "help_param_status"
Debug display of 'Is missing in the languagefile: LISE':(0.44845) - (net usage: 8264464) - (peak: 8552568)
Languagestring: "help_param_status"
Debug display of 'Is missing in the languagefile: CMSContentManager':(0.63793) - (net usage: 11976528) - (peak: 12160792)
Languagestring: "coltitle_importseo"
Debug display of 'Is missing in the languagefile: admin':(0.604577) - (net usage: 10375848) - (peak: 10817160)
Languagestring: "contact_info"
Debug display of 'Is missing in the languagefile: LISE':(0.537205) - (net usage: 8193360) - (peak: 8490904)
Languagestring: "help_param_status"
Debug display of 'Is missing in the languagefile: LISE':(0.56006) - (net usage: 8264464) - (peak: 8552568)
Languagestring: "help_param_status"
Debug display of 'Is missing in the languagefile: CMSContentManager':(0.7496) - (net usage: 11976528) - (peak: 12160792)
Languagestring: "coltitle_importseo"
Debug display of 'Is missing in the languagefile: LISE':(0.39205) - (net usage: 8193360) - (peak: 8490904)
Languagestring: "help_param_status"
Debug display of 'Is missing in the languagefile: LISE':(0.41461) - (net usage: 8264464) - (peak: 8552568)
Languagestring: "help_param_status"
Debug display of 'Is missing in the languagefile: CMSContentManager':(0.588868) - (net usage: 11976528) - (peak: 12160792)
Languagestring: "coltitle_importseo"
Debug display of 'Is missing in the languagefile: LISE':(0.420886) - (net usage: 8193360) - (peak: 8490904)
Languagestring: "help_param_status"
Debug display of 'Is missing in the languagefile: LISE':(0.444158) - (net usage: 8264464) - (peak: 8552568)
Languagestring: "help_param_status"
Debug display of 'Is missing in the languagefile: CMSContentManager':(0.624) - (net usage: 11976528) - (peak: 12160792)
Languagestring: "coltitle_importseo"
Debug display of 'Is missing in the languagefile: LISE':(0.409676) - (net usage: 8193360) - (peak: 8490904)
Languagestring: "help_param_status"
Debug display of 'Is missing in the languagefile: LISE':(0.433838) - (net usage: 8264464) - (peak: 8552568)
Languagestring: "help_param_status"
Debug display of 'Is missing in the languagefile: CMSContentManager':(0.619145) - (net usage: 11976528) - (peak: 12160792)
Languagestring: "coltitle_importseo"
Debug display of 'Is missing in the languagefile: admin':(1.532142) - (net usage: 10569696) - (peak: 10984296)
Languagestring: "contact_info"
Debug display of 'Is missing in the languagefile: admin':(0.637558) - (net usage: 10398448) - (peak: 10837864)
Languagestring: "contact_info"
Debug display of 'Is missing in the languagefile: LISE':(0.591919) - (net usage: 8193360) - (peak: 8490904)
Languagestring: "help_param_status"
Debug display of 'Is missing in the languagefile: LISE':(0.615809) - (net usage: 8264464) - (peak: 8552568)
Languagestring: "help_param_status"
Debug display of 'Is missing in the languagefile: CMSContentManager':(0.796262) - (net usage: 11976528) - (peak: 12160792)
Languagestring: "coltitle_importseo"
Debug display of 'Is missing in the languagefile: LISE':(0.398932) - (net usage: 8193360) - (peak: 8490904)
Languagestring: "help_param_status"
Debug display of 'Is missing in the languagefile: LISE':(0.421794) - (net usage: 8264464) - (peak: 8552568)
Languagestring: "help_param_status"
Debug display of 'Is missing in the languagefile: CMSContentManager':(0.598847) - (net usage: 11976528) - (peak: 12160792)
Languagestring: "coltitle_importseo"
Debug display of 'Is missing in the languagefile: admin':(0.650432) - (net usage: 10399800) - (peak: 10838848)
Languagestring: "contact_info"
Debug display of 'Is missing in the languagefile: LISE':(0.631933) - (net usage: 8193360) - (peak: 8490904)
Languagestring: "help_param_status"
Debug display of 'Is missing in the languagefile: LISE':(0.657547) - (net usage: 8264464) - (peak: 8552568)
Languagestring: "help_param_status"
Debug display of 'Is missing in the languagefile: CMSContentManager':(0.886788) - (net usage: 11976528) - (peak: 12160792)
Languagestring: "coltitle_importseo"
Debug display of 'Is missing in the languagefile: RealEstate':(0.562845) - (net usage: 10171736) - (peak: 10469496)
Languagestring: "realestate_detail"
Debug display of 'Is missing in the languagefile: LISE':(0.417146) - (net usage: 8193360) - (peak: 8490904)
Languagestring: "help_param_status"
Debug display of 'Is missing in the languagefile: LISE':(0.439195) - (net usage: 8264464) - (peak: 8552568)
Languagestring: "help_param_status"
Debug display of 'Is missing in the languagefile: CMSContentManager':(0.615707) - (net usage: 11976528) - (peak: 12160792)
Languagestring: "coltitle_importseo"
Debug display of 'Is missing in the languagefile: LISE':(0.428028) - (net usage: 8193360) - (peak: 8490904)
Languagestring: "help_param_status"
Debug display of 'Is missing in the languagefile: LISE':(0.460249) - (net usage: 8264464) - (peak: 8552568)
Languagestring: "help_param_status"
Debug display of 'Is missing in the languagefile: CMSContentManager':(0.663105) - (net usage: 11976528) - (peak: 12160792)
Languagestring: "coltitle_importseo"
Debug display of 'Is missing in the languagefile: admin':(0.681806) - (net usage: 10399792) - (peak: 10838864)
Languagestring: "contact_info"
Debug display of 'Is missing in the languagefile: LISE':(0.478769) - (net usage: 8193360) - (peak: 8490904)
Languagestring: "help_param_status"
Debug display of 'Is missing in the languagefile: LISE':(0.501766) - (net usage: 8264464) - (peak: 8552568)
Languagestring: "help_param_status"
Debug display of 'Is missing in the languagefile: CMSContentManager':(0.687628) - (net usage: 11976528) - (peak: 12160792)
Languagestring: "coltitle_importseo"
Debug display of 'Is missing in the languagefile: RealEstate':(0.545229) - (net usage: 10171736) - (peak: 10469496)
Languagestring: "realestate_detail"
Debug display of 'Is missing in the languagefile: RealEstate':(0.543406) - (net usage: 10171744) - (peak: 10469584)
Languagestring: "realestate_detail"
Debug display of 'Is missing in the languagefile: LISE':(0.449058) - (net usage: 8193360) - (peak: 8490904)
Languagestring: "help_param_status"
Debug display of 'Is missing in the languagefile: LISE':(0.472744) - (net usage: 8264464) - (peak: 8552568)
Languagestring: "help_param_status"
Debug display of 'Is missing in the languagefile: CMSContentManager':(0.655137) - (net usage: 11976528) - (peak: 12160792)
Languagestring: "coltitle_importseo"
Debug display of 'Is missing in the languagefile: RealEstate':(0.618615) - (net usage: 10171816) - (peak: 10470144)
Languagestring: "realestate_detail"
Debug display of 'Is missing in the languagefile: LISE':(0.406047) - (net usage: 8193360) - (peak: 8490904)
Languagestring: "help_param_status"
Debug display of 'Is missing in the languagefile: LISE':(0.42835) - (net usage: 8264464) - (peak: 8552568)
Languagestring: "help_param_status"
Debug display of 'Is missing in the languagefile: CMSContentManager':(0.604934) - (net usage: 11976528) - (peak: 12160792)
Languagestring: "coltitle_importseo"
Debug display of 'Is missing in the languagefile: LISE':(0.435573) - (net usage: 8193360) - (peak: 8490904)
Languagestring: "help_param_status"
Debug display of 'Is missing in the languagefile: LISE':(0.458644) - (net usage: 8264464) - (peak: 8552568)
Languagestring: "help_param_status"
Debug display of 'Is missing in the languagefile: CMSContentManager':(0.641183) - (net usage: 11976528) - (peak: 12160792)
Languagestring: "coltitle_importseo"
Debug display of 'Is missing in the languagefile: LISE':(0.459927) - (net usage: 8193360) - (peak: 8490904)
Languagestring: "help_param_status"
Debug display of 'Is missing in the languagefile: LISE':(0.48697) - (net usage: 8264464) - (peak: 8552568)
Languagestring: "help_param_status"
Debug display of 'Is missing in the languagefile: CMSContentManager':(0.697903) - (net usage: 11976528) - (peak: 12160792)
Languagestring: "coltitle_importseo"
Debug display of 'Is missing in the languagefile: admin':(0.767999) - (net usage: 11859256) - (peak: 12258792)
Languagestring: "contact_info"
Debug display of 'Is missing in the languagefile: admin':(0.746147) - (net usage: 10398456) - (peak: 10837824)
Languagestring: "contact_info"
Debug display of 'Is missing in the languagefile: admin':(0.747305) - (net usage: 10397824) - (peak: 10837608)
Languagestring: "contact_info"
Debug display of 'Is missing in the languagefile: LISE':(0.76306) - (net usage: 8193360) - (peak: 8490904)
Languagestring: "help_param_status"
Debug display of 'Is missing in the languagefile: LISE':(0.805846) - (net usage: 8264464) - (peak: 8552568)
Languagestring: "help_param_status"
Debug display of 'Is missing in the languagefile: CMSContentManager':(1.076553) - (net usage: 11976528) - (peak: 12160792)
Languagestring: "coltitle_importseo"
Debug display of 'Is missing in the languagefile: admin':(0.746929) - (net usage: 10397488) - (peak: 10837504)
Languagestring: "contact_info"
Debug display of 'Is missing in the languagefile: LISE':(0.435962) - (net usage: 8193360) - (peak: 8490904)
Languagestring: "help_param_status"
Debug display of 'Is missing in the languagefile: LISE':(0.467976) - (net usage: 8264464) - (peak: 8552568)
Languagestring: "help_param_status"
Debug display of 'Is missing in the languagefile: CMSContentManager':(0.67887) - (net usage: 11976528) - (peak: 12160792)
Languagestring: "coltitle_importseo"
Debug display of 'Is missing in the languagefile: LISE':(0.810372) - (net usage: 8193360) - (peak: 8490904)
Languagestring: "help_param_status"
Debug display of 'Is missing in the languagefile: LISE':(0.834828) - (net usage: 8264464) - (peak: 8552568)
Languagestring: "help_param_status"
Debug display of 'Is missing in the languagefile: CMSContentManager':(2.211138) - (net usage: 12389520) - (peak: 12576064)
Languagestring: "coltitle_importseo"
Debug display of 'Is missing in the languagefile: admin':(0.800381) - (net usage: 10397488) - (peak: 10837504)
Languagestring: "contact_info"
Debug display of 'Is missing in the languagefile: admin':(0.636207) - (net usage: 10398328) - (peak: 10837640)
Languagestring: "contact_info"
Debug display of 'Is missing in the languagefile: LISE':(0.513943) - (net usage: 8193360) - (peak: 8490904)
Languagestring: "help_param_status"
Debug display of 'Is missing in the languagefile: LISE':(0.536305) - (net usage: 8264464) - (peak: 8552568)
Languagestring: "help_param_status"
Debug display of 'Is missing in the languagefile: CMSContentManager':(0.718667) - (net usage: 11976528) - (peak: 12160792)
Languagestring: "coltitle_importseo"
Debug display of 'Is missing in the languagefile: LISE':(0.474247) - (net usage: 8193360) - (peak: 8490904)
Languagestring: "help_param_status"
Debug display of 'Is missing in the languagefile: LISE':(0.498717) - (net usage: 8264464) - (peak: 8552568)
Languagestring: "help_param_status"
Debug display of 'Is missing in the languagefile: CMSContentManager':(0.703562) - (net usage: 11976528) - (peak: 12160792)
Languagestring: "coltitle_importseo"
Debug display of 'Is missing in the languagefile: LISE':(0.479012) - (net usage: 8193360) - (peak: 8490904)
Languagestring: "help_param_status"
Debug display of 'Is missing in the languagefile: LISE':(0.501823) - (net usage: 8264464) - (peak: 8552568)
Languagestring: "help_param_status"
Debug display of 'Is missing in the languagefile: CMSContentManager':(0.688154) - (net usage: 11976528) - (peak: 12160792)
Languagestring: "coltitle_importseo"
Debug display of 'Is missing in the languagefile: LISE':(0.433318) - (net usage: 8193360) - (peak: 8490904)
Languagestring: "help_param_status"
Debug display of 'Is missing in the languagefile: LISE':(0.460298) - (net usage: 8264464) - (peak: 8552568)
Languagestring: "help_param_status"
Debug display of 'Is missing in the languagefile: CMSContentManager':(0.648149) - (net usage: 11976528) - (peak: 12160792)
Languagestring: "coltitle_importseo"
Debug display of 'Is missing in the languagefile: LISE':(0.435621) - (net usage: 8193360) - (peak: 8490904)
Languagestring: "help_param_status"
Debug display of 'Is missing in the languagefile: LISE':(0.458686) - (net usage: 8264464) - (peak: 8552568)
Languagestring: "help_param_status"
Debug display of 'Is missing in the languagefile: CMSContentManager':(0.641145) - (net usage: 11976528) - (peak: 12160792)
Languagestring: "coltitle_importseo"
Debug display of 'Is missing in the languagefile: LISE':(0.468847) - (net usage: 8193360) - (peak: 8490904)
Languagestring: "help_param_status"
Debug display of 'Is missing in the languagefile: LISE':(0.497533) - (net usage: 8264464) - (peak: 8552568)
Languagestring: "help_param_status"
Debug display of 'Is missing in the languagefile: CMSContentManager':(0.702317) - (net usage: 11976528) - (peak: 12160792)
Languagestring: "coltitle_importseo"
Debug display of 'Is missing in the languagefile: LISE':(0.46475) - (net usage: 8193360) - (peak: 8490904)
Languagestring: "help_param_status"
Debug display of 'Is missing in the languagefile: LISE':(0.487582) - (net usage: 8264464) - (peak: 8552568)
Languagestring: "help_param_status"
Debug display of 'Is missing in the languagefile: CMSContentManager':(0.671297) - (net usage: 11976528) - (peak: 12160792)
Languagestring: "coltitle_importseo"
Debug display of 'Is missing in the languagefile: LISE':(0.386034) - (net usage: 8193360) - (peak: 8490904)
Languagestring: "help_param_status"
Debug display of 'Is missing in the languagefile: LISE':(0.408132) - (net usage: 8264464) - (peak: 8552568)
Languagestring: "help_param_status"
Debug display of 'Is missing in the languagefile: CMSContentManager':(0.584902) - (net usage: 11976528) - (peak: 12160792)
Languagestring: "coltitle_importseo"
Debug display of 'Is missing in the languagefile: LISE':(0.415195) - (net usage: 8193360) - (peak: 8490904)
Languagestring: "help_param_status"
Debug display of 'Is missing in the languagefile: LISE':(0.436517) - (net usage: 8264464) - (peak: 8552568)
Languagestring: "help_param_status"
Debug display of 'Is missing in the languagefile: CMSContentManager':(0.608268) - (net usage: 11976528) - (peak: 12160792)
Languagestring: "coltitle_importseo"
Debug display of 'Is missing in the languagefile: LISE':(0.438377) - (net usage: 8193384) - (peak: 8490632)
Languagestring: "help_param_status"
Debug display of 'Is missing in the languagefile: LISE':(0.462475) - (net usage: 8264480) - (peak: 8552376)
Languagestring: "help_param_status"
Debug display of 'Is missing in the languagefile: LISE':(2.1999999999994E-5) - (net usage: 8324432) - (peak: 8485496)
Languagestring: "help_param_status"
Debug display of 'Is missing in the languagefile: LISE':(0.024128) - (net usage: 8395552) - (peak: 8547304)
Languagestring: "help_param_status"
Debug display of 'Is missing in the languagefile: LISE':(0.510067) - (net usage: 8193360) - (peak: 8490904)
Languagestring: "help_param_status"
Debug display of 'Is missing in the languagefile: LISE':(0.534352) - (net usage: 8264464) - (peak: 8552568)
Languagestring: "help_param_status"
Debug display of 'Is missing in the languagefile: CMSContentManager':(0.740318) - (net usage: 11976528) - (peak: 12160792)
Languagestring: "coltitle_importseo"
Debug display of 'Is missing in the languagefile: LISE':(0.405851) - (net usage: 8193760) - (peak: 8491480)
Languagestring: "help_param_status"
Debug display of 'Is missing in the languagefile: LISE':(0.429363) - (net usage: 8264864) - (peak: 8553064)
Languagestring: "help_param_status"
Debug display of 'Is missing in the languagefile: LISE':(2.1999999999966E-5) - (net usage: 8325472) - (peak: 8486520)
Languagestring: "help_param_status"
Debug display of 'Is missing in the languagefile: LISE':(0.023645) - (net usage: 8396568) - (peak: 8548152)
Languagestring: "help_param_status"
Debug display of 'Is missing in the languagefile: LISE':(2.000000000002E-5) - (net usage: 8331616) - (peak: 8492728)
Languagestring: "help_param_status"
Debug display of 'Is missing in the languagefile: LISE':(0.022572) - (net usage: 8402728) - (peak: 8554424)
Languagestring: "help_param_status"
Debug display of 'Is missing in the languagefile: LISE':(1.176941) - (net usage: 8195128) - (peak: 8493120)
Languagestring: "help_param_status"
Debug display of 'Is missing in the languagefile: LISE':(1.204577) - (net usage: 8266248) - (peak: 8554576)
Languagestring: "help_param_status"
Debug display of 'Is missing in the languagefile: LISE':(2.9999999999974E-5) - (net usage: 8354264) - (peak: 8515304)
Languagestring: "help_param_status"
Debug display of 'Is missing in the languagefile: LISE':(0.022437) - (net usage: 8425368) - (peak: 8577048)
Languagestring: "help_param_status"
Debug display of 'Is missing in the languagefile: LISE':(2.7999999999972E-5) - (net usage: 8332320) - (peak: 8493328)
Languagestring: "help_param_status"
Debug display of 'Is missing in the languagefile: LISE':(0.02573) - (net usage: 8403432) - (peak: 8555040)
Languagestring: "help_param_status"
Debug display of 'Is missing in the languagefile: LISE':(2.2999999999995E-5) - (net usage: 8361632) - (peak: 8522720)
Languagestring: "help_param_status"
Debug display of 'Is missing in the languagefile: LISE':(0.026552) - (net usage: 8432744) - (peak: 8584432)
Languagestring: "help_param_status"
Debug display of 'Is missing in the languagefile: LISE':(0.391458) - (net usage: 8196192) - (peak: 8505024)
Languagestring: "help_param_status"
Debug display of 'Is missing in the languagefile: LISE':(0.418485) - (net usage: 8267304) - (peak: 8566752)
Languagestring: "help_param_status"
Debug display of 'Is missing in the languagefile: LISE':(0.63755) - (net usage: 8192200) - (peak: 8489736)
Languagestring: "help_param_status"
Debug display of 'Is missing in the languagefile: LISE':(0.667393) - (net usage: 8263312) - (peak: 8551384)
Languagestring: "help_param_status"
Debug display of 'Is missing in the languagefile: CMSContentManager':(0.92767) - (net usage: 11977768) - (peak: 12162080)
Languagestring: "coltitle_importseo"
Debug display of 'Is missing in the languagefile: LISE':(1.9999999999992E-5) - (net usage: 8332320) - (peak: 8493328)
Languagestring: "help_param_status"
Debug display of 'Is missing in the languagefile: LISE':(0.022377) - (net usage: 8403432) - (peak: 8555040)
Languagestring: "help_param_status"
Debug display of 'Is missing in the languagefile: LISE':(0.477193) - (net usage: 8195112) - (peak: 8500952)
Languagestring: "help_param_status"
Debug display of 'Is missing in the languagefile: LISE':(0.500876) - (net usage: 8266232) - (peak: 8562512)
Languagestring: "help_param_status"
Debug display of 'Is missing in the languagefile: LISE':(0.590678) - (net usage: 8122408) - (peak: 8420384)
Languagestring: "help_param_status"
Debug display of 'Is missing in the languagefile: LISE':(0.614905) - (net usage: 8193448) - (peak: 8481840)
Languagestring: "help_param_status"
Debug display of 'Is missing in the languagefile: LISE':(2.2999999999995E-5) - (net usage: 8252472) - (peak: 8413248)
Languagestring: "help_param_status"
Debug display of 'Is missing in the languagefile: LISE':(0.029424) - (net usage: 8323576) - (peak: 8475312)
Languagestring: "help_param_status"
Debug display of 'Is missing in the languagefile: LISE':(0.667146) - (net usage: 8121432) - (peak: 8418928)
Languagestring: "help_param_status"
Debug display of 'Is missing in the languagefile: LISE':(0.697929) - (net usage: 8192528) - (peak: 8480784)
Languagestring: "help_param_status"
Debug display of 'Is missing in the languagefile: CMSContentManager':(0.952268) - (net usage: 11982632) - (peak: 12166128)
Languagestring: "coltitle_importseo"
Debug display of 'Is missing in the languagefile: LISE':(0.508738) - (net usage: 8195256) - (peak: 8493760)
Languagestring: "help_param_status"
Debug display of 'Is missing in the languagefile: LISE':(0.533297) - (net usage: 8266352) - (peak: 8555488)
Languagestring: "help_param_status"
Debug display of 'Is missing in the languagefile: LISE':(0.532197) - (net usage: 8195744) - (peak: 8493648)
Languagestring: "help_param_status"
Debug display of 'Is missing in the languagefile: LISE':(0.555745) - (net usage: 8266856) - (peak: 8560592)
Languagestring: "help_param_status"
Debug display of 'Is missing in the languagefile: LISE':(0.431485) - (net usage: 8195296) - (peak: 8492920)
Languagestring: "help_param_status"
Debug display of 'Is missing in the languagefile: LISE':(0.455051) - (net usage: 8266408) - (peak: 8554520)
Languagestring: "help_param_status"
Debug display of 'Is missing in the languagefile: LISE':(3.1000000000003E-5) - (net usage: 8325472) - (peak: 8486520)
Languagestring: "help_param_status"
Debug display of 'Is missing in the languagefile: LISE':(0.023271) - (net usage: 8396568) - (peak: 8548152)
Languagestring: "help_param_status"
Debug display of 'Is missing in the languagefile: LISE':(0.463881) - (net usage: 8194480) - (peak: 8492104)
Languagestring: "help_param_status"
Debug display of 'Is missing in the languagefile: LISE':(0.486011) - (net usage: 8265592) - (peak: 8553768)
Languagestring: "help_param_status"
Debug display of 'Is missing in the languagefile: CMSContentManager':(0.678225) - (net usage: 11977712) - (peak: 12162880)
Languagestring: "coltitle_importseo"
Debug display of 'Is missing in the languagefile: LISE':(0.436929) - (net usage: 8195288) - (peak: 8494592)
Languagestring: "help_param_status"
Debug display of 'Is missing in the languagefile: LISE':(0.461973) - (net usage: 8266400) - (peak: 8556288)
Languagestring: "help_param_status"
Debug display of 'Is missing in the languagefile: LISE':(0.554116) - (net usage: 8122552) - (peak: 8420552)
Languagestring: "help_param_status"
Debug display of 'Is missing in the languagefile: LISE':(0.581008) - (net usage: 8193584) - (peak: 8482184)
Languagestring: "help_param_status"
Debug display of 'Is missing in the languagefile: LISE':(2.0999999999938E-5) - (net usage: 8252472) - (peak: 8413248)
Languagestring: "help_param_status"
Debug display of 'Is missing in the languagefile: LISE':(0.041398) - (net usage: 8323576) - (peak: 8475312)
Languagestring: "help_param_status"
Debug display of 'Is missing in the languagefile: LISE':(3.153149) - (net usage: 8192200) - (peak: 8489736)
Languagestring: "help_param_status"
Debug display of 'Is missing in the languagefile: LISE':(3.175562) - (net usage: 8263312) - (peak: 8551384)
Languagestring: "help_param_status"
Debug display of 'Is missing in the languagefile: CMSContentManager':(3.366308) - (net usage: 11976552) - (peak: 12161336)
Languagestring: "coltitle_importseo"
Debug display of 'Is missing in the languagefile: LISE':(0.45424) - (net usage: 8194480) - (peak: 8492088)
Languagestring: "help_param_status"
Debug display of 'Is missing in the languagefile: LISE':(0.482419) - (net usage: 8265592) - (peak: 8553752)
Languagestring: "help_param_status"
Debug display of 'Is missing in the languagefile: CMSContentManager':(0.668957) - (net usage: 11977648) - (peak: 12162552)
Languagestring: "coltitle_importseo"
Debug display of 'Is missing in the languagefile: LISE':(0.466411) - (net usage: 8194480) - (peak: 8492088)
Languagestring: "help_param_status"
Debug display of 'Is missing in the languagefile: LISE':(0.488574) - (net usage: 8265592) - (peak: 8553752)
Languagestring: "help_param_status"
Debug display of 'Is missing in the languagefile: CMSContentManager':(0.669006) - (net usage: 11977648) - (peak: 12162552)
Languagestring: "coltitle_importseo"
Debug display of 'Is missing in the languagefile: LISE':(0.418147) - (net usage: 8194480) - (peak: 8492088)
Languagestring: "help_param_status"
Debug display of 'Is missing in the languagefile: LISE':(0.440482) - (net usage: 8265592) - (peak: 8553752)
Languagestring: "help_param_status"
Debug display of 'Is missing in the languagefile: CMSContentManager':(1.334905) - (net usage: 12030744) - (peak: 12218672)
Languagestring: "coltitle_importseo"
Debug display of 'Is missing in the languagefile: LISE':(0.469485) - (net usage: 8194480) - (peak: 8492088)
Languagestring: "help_param_status"
Debug display of 'Is missing in the languagefile: LISE':(0.493075) - (net usage: 8265592) - (peak: 8553752)
Languagestring: "help_param_status"
Debug display of 'Is missing in the languagefile: CMSContentManager':(0.688281) - (net usage: 11977648) - (peak: 12162552)
Languagestring: "coltitle_importseo"
Debug display of 'Is missing in the languagefile: RealEstate':(0.571973) - (net usage: 10173768) - (peak: 10416776)
Languagestring: "realestate_detail"
Debug display of 'Is missing in the languagefile: RealEstate':(0.599042) - (net usage: 10173776) - (peak: 10416784)
Languagestring: "realestate_detail"
Debug display of 'Is missing in the languagefile: RealEstate':(0.567639) - (net usage: 10173192) - (peak: 10471144)
Languagestring: "realestate_detail"
Debug display of 'Is missing in the languagefile: LISE':(0.411531) - (net usage: 8194480) - (peak: 8492088)
Languagestring: "help_param_status"
Debug display of 'Is missing in the languagefile: LISE':(0.434108) - (net usage: 8265592) - (peak: 8553752)
Languagestring: "help_param_status"
Debug display of 'Is missing in the languagefile: CMSContentManager':(0.612788) - (net usage: 11977648) - (peak: 12162552)
Languagestring: "coltitle_importseo"
Debug display of 'Is missing in the languagefile: LISE':(0.448614) - (net usage: 8194480) - (peak: 8492088)
Languagestring: "help_param_status"
Debug display of 'Is missing in the languagefile: LISE':(0.470876) - (net usage: 8265592) - (peak: 8553752)
Languagestring: "help_param_status"
Debug display of 'Is missing in the languagefile: CMSContentManager':(0.656402) - (net usage: 11977648) - (peak: 12162552)
Languagestring: "coltitle_importseo"
Debug display of 'Is missing in the languagefile: LISE':(2.2000000000022E-5) - (net usage: 8331760) - (peak: 8492880)
Languagestring: "help_param_status"
Debug display of 'Is missing in the languagefile: LISE':(0.024003) - (net usage: 8402856) - (peak: 8554656)
Languagestring: "help_param_status"
Debug display of 'Is missing in the languagefile: LISE':(0.461106) - (net usage: 8194480) - (peak: 8492088)
Languagestring: "help_param_status"
Debug display of 'Is missing in the languagefile: LISE':(0.490112) - (net usage: 8265592) - (peak: 8553752)
Languagestring: "help_param_status"
Debug display of 'Is missing in the languagefile: CMSContentManager':(0.693308) - (net usage: 11977648) - (peak: 12162552)
Languagestring: "coltitle_importseo"
